<?xml version="1.0" encoding="UTF-8"?>
<Site BuildName="(empty)"
	BuildStamp="20220517-0035-Experimental"
	Name="(empty)"
	Generator="ctest-3.23.1"
	CompilerName=""
	CompilerVersion=""
	OSName="macOS"
	Hostname="OXygendeMacBook-Pro.local"
	OSRelease="12.3"
	OSVersion="21E5212f"
	OSPlatform="x86_64"
	Is64Bits="1"
	VendorString="GenuineIntel"
	VendorID="Intel Corporation"
	FamilyID="6"
	ModelID="142"
	ProcessorCacheSize="32768"
	NumberOfLogicalCPU="8"
	NumberOfPhysicalCPU="4"
	TotalVirtualMemory="5120"
	TotalPhysicalMemory="16384"
	LogicalProcessorsPerPhysical="8"
	ProcessorClockFrequency="2300"
	>
	<Testing>
		<StartDateTime>May 17 08:35 CST</StartDateTime>
		<StartTestTime>1652747750</StartTestTime>
		<TestList/>
		<EndDateTime>May 17 08:35 CST</EndDateTime>
		<EndTestTime>1652747750</EndTestTime>
		<ElapsedMinutes>0</ElapsedMinutes>
	</Testing>
</Site>
